<?xml version="1.0" encoding="UTF-8"?>
<testng-results skipped="0" failed="0" total="1" passed="1">
  <reporter-output>
  </reporter-output>
  <suite name="Default suite" duration-ms="22302" started-at="2018-06-08T19:10:42Z" finished-at="2018-06-08T19:11:04Z">
    <groups>
    </groups>
    <test name="Default test" duration-ms="22302" started-at="2018-06-08T19:10:42Z" finished-at="2018-06-08T19:11:04Z">
      <class name="com.actvadmin.testcases.DasboardTest">
        <test-method status="PASS" signature="beforetest()[pri:0, instance:com.actvadmin.testcases.DasboardTest@26be92ad]" name="beforetest" is-config="true" duration-ms="14387" started-at="2018-06-09T00:40:42Z" finished-at="2018-06-09T00:40:56Z">
          <reporter-output>
          </reporter-output>
        </test-method> <!-- beforetest -->
        <test-method status="PASS" signature="validatedashlink()[pri:0, instance:com.actvadmin.testcases.DasboardTest@26be92ad]" name="validatedashlink" duration-ms="7897" started-at="2018-06-09T00:40:56Z" finished-at="2018-06-09T00:41:04Z">
          <reporter-output>
          </reporter-output>
        </test-method> <!-- validatedashlink -->
      </class> <!-- com.actvadmin.testcases.DasboardTest -->
    </test> <!-- Default test -->
  </suite> <!-- Default suite -->
</testng-results>
